/usr/share/fonts: skipping, existing cache is valid: 0 fonts, 6 dirs
/usr/share/fonts/X11: skipping, existing cache is valid: 0 fonts, 4 dirs
/usr/share/fonts/X11/Type1: skipping, existing cache is valid: 8 fonts, 0 dirs
/usr/share/fonts/X11/encodings: skipping, existing cache is valid: 0 fonts, 1 dirs
/usr/share/fonts/X11/encodings/large: skipping, existing cache is valid: 0 fonts, 0 dirs
/usr/share/fonts/X11/misc: skipping, existing cache is valid: 89 fonts, 0 dirs
/usr/share/fonts/X11/util: skipping, existing cache is valid: 0 fonts, 0 dirs
/usr/share/fonts/cMap: skipping, existing cache is valid: 0 fonts, 0 dirs
/usr/share/fonts/cmap: skipping, existing cache is valid: 0 fonts, 5 dirs
/usr/share/fonts/cmap/adobe-cns1: skipping, existing cache is valid: 0 fonts, 0 dirs
/usr/share/fonts/cmap/adobe-gb1: skipping, existing cache is valid: 0 fonts, 0 dirs
/usr/share/fonts/cmap/adobe-japan1: skipping, existing cache is valid: 0 fonts, 0 dirs
/usr/share/fonts/cmap/adobe-japan2: skipping, existing cache is valid: 0 fonts, 0 dirs
/usr/share/fonts/cmap/adobe-korea1: skipping, existing cache is valid: 0 fonts, 0 dirs
/usr/share/fonts/opentype: skipping, existing cache is valid: 0 fonts, 2 dirs
/usr/share/fonts/opentype/malayalam: skipping, existing cache is valid: 3 fonts, 0 dirs
/usr/share/fonts/opentype/noto: skipping, existing cache is valid: 28 fonts, 0 dirs
/usr/share/fonts/truetype: skipping, existing cache is valid: 0 fonts, 45 dirs
/usr/share/fonts/truetype/Gargi: skipping, existing cache is valid: 1 fonts, 0 dirs
/usr/share/fonts/truetype/Gubbi: skipping, existing cache is valid: 1 fonts, 0 dirs
/usr/share/fonts/truetype/Nakula: skipping, existing cache is valid: 1 fonts, 0 dirs
/usr/share/fonts/truetype/Navilu: skipping, existing cache is valid: 1 fonts, 0 dirs
/usr/share/fonts/truetype/Sahadeva: skipping, existing cache is valid: 1 fonts, 0 dirs
/usr/share/fonts/truetype/Sarai: skipping, existing cache is valid: 1 fonts, 0 dirs
/usr/share/fonts/truetype/abyssinica: skipping, existing cache is valid: 1 fonts, 0 dirs
/usr/share/fonts/truetype/dejavu: skipping, existing cache is valid: 22 fonts, 0 dirs
/usr/share/fonts/truetype/droid: skipping, existing cache is valid: 1 fonts, 0 dirs
/usr/share/fonts/truetype/fonts-beng-extra: skipping, existing cache is valid: 6 fonts, 0 dirs
/usr/share/fonts/truetype/fonts-deva-extra: skipping, existing cache is valid: 3 fonts, 0 dirs
/usr/share/fonts/truetype/fonts-gujr-extra: skipping, existing cache is valid: 5 fonts, 0 dirs
/usr/share/fonts/truetype/fonts-guru-extra: skipping, existing cache is valid: 1 fonts, 0 dirs
/usr/share/fonts/truetype/fonts-kalapi: skipping, existing cache is valid: 1 fonts, 0 dirs
/usr/share/fonts/truetype/fonts-orya-extra: skipping, existing cache is valid: 1 fonts, 0 dirs
/usr/share/fonts/truetype/fonts-telu-extra: skipping, existing cache is valid: 2 fonts, 0 dirs
/usr/share/fonts/truetype/freefont: skipping, existing cache is valid: 12 fonts, 0 dirs
/usr/share/fonts/truetype/kacst: skipping, existing cache is valid: 15 fonts, 0 dirs
/usr/share/fonts/truetype/kacst-one: skipping, existing cache is valid: 2 fonts, 0 dirs
/usr/share/fonts/truetype/lao: skipping, existing cache is valid: 1 fonts, 0 dirs
/usr/share/fonts/truetype/liberation: skipping, existing cache is valid: 16 fonts, 0 dirs
/usr/share/fonts/truetype/liberation2: skipping, existing cache is valid: 12 fonts, 0 dirs
/usr/share/fonts/truetype/lohit-assamese: skipping, existing cache is valid: 1 fonts, 0 dirs
/usr/share/fonts/truetype/lohit-bengali: skipping, existing cache is valid: 1 fonts, 0 dirs
/usr/share/fonts/truetype/lohit-devanagari: skipping, existing cache is valid: 1 fonts, 0 dirs
/usr/share/fonts/truetype/lohit-gujarati: skipping, existing cache is valid: 1 fonts, 0 dirs
/usr/share/fonts/truetype/lohit-kannada: skipping, existing cache is valid: 1 fonts, 0 dirs
/usr/share/fonts/truetype/lohit-malayalam: skipping, existing cache is valid: 1 fonts, 0 dirs
/usr/share/fonts/truetype/lohit-oriya: skipping, existing cache is valid: 1 fonts, 0 dirs
/usr/share/fonts/truetype/lohit-punjabi: skipping, existing cache is valid: 1 fonts, 0 dirs
/usr/share/fonts/truetype/lohit-tamil: skipping, existing cache is valid: 1 fonts, 0 dirs
/usr/share/fonts/truetype/lohit-tamil-classical: skipping, existing cache is valid: 1 fonts, 0 dirs
/usr/share/fonts/truetype/lohit-telugu: skipping, existing cache is valid: 1 fonts, 0 dirs
/usr/share/fonts/truetype/malayalam: skipping, existing cache is valid: 11 fonts, 0 dirs
/usr/share/fonts/truetype/noto: skipping, existing cache is valid: 2 fonts, 0 dirs
/usr/share/fonts/truetype/openoffice: skipping, existing cache is valid: 1 fonts, 0 dirs
/usr/share/fonts/truetype/padauk: skipping, existing cache is valid: 4 fonts, 0 dirs
/usr/share/fonts/truetype/pagul: skipping, existing cache is valid: 1 fonts, 0 dirs
/usr/share/fonts/truetype/samyak: skipping, existing cache is valid: 1 fonts, 0 dirs
/usr/share/fonts/truetype/samyak-fonts: skipping, existing cache is valid: 3 fonts, 0 dirs
/usr/share/fonts/truetype/sinhala: skipping, existing cache is valid: 1 fonts, 0 dirs
/usr/share/fonts/truetype/tibetan-machine: skipping, existing cache is valid: 1 fonts, 0 dirs
/usr/share/fonts/truetype/tlwg: skipping, existing cache is valid: 58 fonts, 0 dirs
/usr/share/fonts/truetype/ttf-khmeros-core: skipping, existing cache is valid: 2 fonts, 0 dirs
/usr/share/fonts/truetype/ubuntu: skipping, existing cache is valid: 13 fonts, 0 dirs
/usr/share/fonts/type1: skipping, existing cache is valid: 0 fonts, 1 dirs
/usr/share/fonts/type1/gsfonts: skipping, existing cache is valid: 35 fonts, 0 dirs
/usr/local/share/fonts: skipping, existing cache is valid: 0 fonts, 0 dirs
/var/cache/fontconfig: cleaning cache directory
fc-cache: succeeded
