log_file: /var/log/gpu-manager.log
last_boot_file: /var/lib/ubuntu-drivers-common/last_gfx_boot
new_boot_file: /var/lib/ubuntu-drivers-common/last_gfx_boot
can't access /run/u-d-c-nvidia-was-loaded file
can't access /opt/amdgpu-pro/bin/amdgpu-pro-px
Looking for nvidia modules in /lib/modules/5.4.0-150-generic/updates/dkms
Looking for amdgpu modules in /lib/modules/5.4.0-150-generic/updates/dkms
Is nvidia loaded? no
Was nvidia unloaded? no
Is nvidia blacklisted? no
Is intel loaded? yes
Is radeon loaded? no
Is radeon blacklisted? no
Is amdgpu loaded? no
Is amdgpu blacklisted? no
Is amdgpu versioned? no
Is amdgpu pro stack? no
Is nouveau loaded? no
Is nouveau blacklisted? no
Is nvidia kernel module available? no
Is amdgpu kernel module available? no
Vendor/Device Id: 8086:9bc8
BusID "PCI:0@0:2:0"
Is boot vga? yes
Skipping "/dev/dri/card0", driven by "i915"
Skipping "/dev/dri/card0", driven by "i915"
Skipping "/dev/dri/card0", driven by "i915"
Found "/dev/dri/card0", driven by "i915"
output 0:
	card0-DP-1
Number of connected outputs for /dev/dri/card0: 1
Does it require offloading? yes
last cards number = 1
Has amd? no
Has intel? yes
Has nvidia? no
How many cards? 1
Has the system changed? No
Single card detected
Nothing to do
