["2025-06-07T04:27:44.838", "DEBUG", "uaclient.config", "parse_config", 644, "Using client configuration file at /etc/ubuntu-advantage/uaclient.conf", {}]
["2025-06-07T04:27:44.838", "DEBUG", "root", "load_file", 452, "Reading file: /etc/ubuntu-advantage/uaclient.conf", {}]
["2025-06-07T04:27:44.841", "DEBUG", "root", "load_file", 452, "Reading file: /var/lib/ubuntu-advantage/user-config.json", {}]
["2025-06-07T04:27:44.841", "DEBUG", "uaclient.files.files", "read", 55, "File does not exist: /var/lib/ubuntu-advantage/user-config.json", {}]
["2025-06-07T04:27:44.841", "DEBUG", "root", "load_file", 452, "Reading file: /etc/os-release", {}]
["2025-06-07T04:27:44.850", "DEBUG", "uaclient.config", "parse_config", 644, "Using client configuration file at /etc/ubuntu-advantage/uaclient.conf", {}]
["2025-06-07T04:27:44.850", "DEBUG", "root", "load_file", 452, "Reading file: /etc/ubuntu-advantage/uaclient.conf", {}]
["2025-06-07T04:27:44.852", "DEBUG", "root", "load_file", 452, "Reading file: /var/lib/ubuntu-advantage/user-config.json", {}]
["2025-06-07T04:27:44.853", "DEBUG", "uaclient.files.files", "read", 55, "File does not exist: /var/lib/ubuntu-advantage/user-config.json", {}]
["2025-06-07T04:27:44.854", "DEBUG", "root", "load_file", 452, "Reading file: /var/lib/ubuntu-advantage/status.json", {}]
["2025-06-07T04:27:44.856", "DEBUG", "root", "load_file", 452, "Reading file: /var/lib/ubuntu-advantage/private/machine-token.json", {}]
["2025-06-07T04:27:44.856", "DEBUG", "uaclient.files.files", "read", 55, "File does not exist: /var/lib/ubuntu-advantage/private/machine-token.json", {}]
["2025-06-07T04:27:44.858", "DEBUG", "root", "load_file", 452, "Reading file: /var/lib/ubuntu-advantage/private/machine-token.json", {}]
["2025-06-07T04:27:44.858", "DEBUG", "uaclient.files.files", "read", 55, "File does not exist: /var/lib/ubuntu-advantage/private/machine-token.json", {}]
["2025-06-07T13:40:15.931", "DEBUG", "uaclient.config", "parse_config", 644, "Using client configuration file at /etc/ubuntu-advantage/uaclient.conf", {}]
["2025-06-07T13:40:15.932", "DEBUG", "root", "load_file", 452, "Reading file: /etc/ubuntu-advantage/uaclient.conf", {}]
["2025-06-07T13:40:15.934", "DEBUG", "root", "load_file", 452, "Reading file: /var/lib/ubuntu-advantage/user-config.json", {}]
["2025-06-07T13:40:15.934", "DEBUG", "uaclient.files.files", "read", 55, "File does not exist: /var/lib/ubuntu-advantage/user-config.json", {}]
["2025-06-07T13:40:15.934", "DEBUG", "root", "load_file", 452, "Reading file: /etc/os-release", {}]
["2025-06-07T13:40:15.943", "DEBUG", "uaclient.config", "parse_config", 644, "Using client configuration file at /etc/ubuntu-advantage/uaclient.conf", {}]
["2025-06-07T13:40:15.944", "DEBUG", "root", "load_file", 452, "Reading file: /etc/ubuntu-advantage/uaclient.conf", {}]
["2025-06-07T13:40:15.946", "DEBUG", "root", "load_file", 452, "Reading file: /var/lib/ubuntu-advantage/user-config.json", {}]
["2025-06-07T13:40:15.947", "DEBUG", "uaclient.files.files", "read", 55, "File does not exist: /var/lib/ubuntu-advantage/user-config.json", {}]
["2025-06-07T13:40:15.947", "DEBUG", "root", "load_file", 452, "Reading file: /var/lib/ubuntu-advantage/status.json", {}]
["2025-06-07T13:40:15.950", "DEBUG", "root", "load_file", 452, "Reading file: /var/lib/ubuntu-advantage/private/machine-token.json", {}]
["2025-06-07T13:40:15.950", "DEBUG", "uaclient.files.files", "read", 55, "File does not exist: /var/lib/ubuntu-advantage/private/machine-token.json", {}]
["2025-06-07T13:40:15.952", "DEBUG", "root", "load_file", 452, "Reading file: /var/lib/ubuntu-advantage/private/machine-token.json", {}]
["2025-06-07T13:40:15.952", "DEBUG", "uaclient.files.files", "read", 55, "File does not exist: /var/lib/ubuntu-advantage/private/machine-token.json", {}]
["2025-06-07T19:37:44.842", "DEBUG", "uaclient.config", "parse_config", 644, "Using client configuration file at /etc/ubuntu-advantage/uaclient.conf", {}]
["2025-06-07T19:37:44.842", "DEBUG", "root", "load_file", 452, "Reading file: /etc/ubuntu-advantage/uaclient.conf", {}]
["2025-06-07T19:37:44.844", "DEBUG", "root", "load_file", 452, "Reading file: /var/lib/ubuntu-advantage/user-config.json", {}]
["2025-06-07T19:37:44.844", "DEBUG", "uaclient.files.files", "read", 55, "File does not exist: /var/lib/ubuntu-advantage/user-config.json", {}]
["2025-06-07T19:37:44.844", "DEBUG", "root", "load_file", 452, "Reading file: /etc/os-release", {}]
["2025-06-07T19:37:44.854", "DEBUG", "uaclient.config", "parse_config", 644, "Using client configuration file at /etc/ubuntu-advantage/uaclient.conf", {}]
["2025-06-07T19:37:44.855", "DEBUG", "root", "load_file", 452, "Reading file: /etc/ubuntu-advantage/uaclient.conf", {}]
["2025-06-07T19:37:44.857", "DEBUG", "root", "load_file", 452, "Reading file: /var/lib/ubuntu-advantage/user-config.json", {}]
["2025-06-07T19:37:44.857", "DEBUG", "uaclient.files.files", "read", 55, "File does not exist: /var/lib/ubuntu-advantage/user-config.json", {}]
["2025-06-07T19:37:44.858", "DEBUG", "root", "load_file", 452, "Reading file: /var/lib/ubuntu-advantage/status.json", {}]
["2025-06-07T19:37:44.861", "DEBUG", "root", "load_file", 452, "Reading file: /var/lib/ubuntu-advantage/private/machine-token.json", {}]
["2025-06-07T19:37:44.861", "DEBUG", "uaclient.files.files", "read", 55, "File does not exist: /var/lib/ubuntu-advantage/private/machine-token.json", {}]
["2025-06-07T19:37:44.862", "DEBUG", "root", "load_file", 452, "Reading file: /var/lib/ubuntu-advantage/private/machine-token.json", {}]
["2025-06-07T19:37:44.863", "DEBUG", "uaclient.files.files", "read", 55, "File does not exist: /var/lib/ubuntu-advantage/private/machine-token.json", {}]
["2025-06-08T08:52:14.772", "DEBUG", "uaclient.config", "parse_config", 644, "Using client configuration file at /etc/ubuntu-advantage/uaclient.conf", {}]
["2025-06-08T08:52:14.772", "DEBUG", "root", "load_file", 452, "Reading file: /etc/ubuntu-advantage/uaclient.conf", {}]
["2025-06-08T08:52:14.776", "DEBUG", "root", "load_file", 452, "Reading file: /var/lib/ubuntu-advantage/user-config.json", {}]
["2025-06-08T08:52:14.777", "DEBUG", "uaclient.files.files", "read", 55, "File does not exist: /var/lib/ubuntu-advantage/user-config.json", {}]
["2025-06-08T08:52:14.777", "DEBUG", "root", "load_file", 452, "Reading file: /etc/os-release", {}]
["2025-06-08T08:52:14.789", "DEBUG", "uaclient.config", "parse_config", 644, "Using client configuration file at /etc/ubuntu-advantage/uaclient.conf", {}]
["2025-06-08T08:52:14.789", "DEBUG", "root", "load_file", 452, "Reading file: /etc/ubuntu-advantage/uaclient.conf", {}]
["2025-06-08T08:52:14.794", "DEBUG", "root", "load_file", 452, "Reading file: /var/lib/ubuntu-advantage/user-config.json", {}]
["2025-06-08T08:52:14.794", "DEBUG", "uaclient.files.files", "read", 55, "File does not exist: /var/lib/ubuntu-advantage/user-config.json", {}]
["2025-06-08T08:52:14.795", "DEBUG", "root", "load_file", 452, "Reading file: /var/lib/ubuntu-advantage/status.json", {}]
["2025-06-08T08:52:14.799", "DEBUG", "root", "load_file", 452, "Reading file: /var/lib/ubuntu-advantage/private/machine-token.json", {}]
["2025-06-08T08:52:14.799", "DEBUG", "uaclient.files.files", "read", 55, "File does not exist: /var/lib/ubuntu-advantage/private/machine-token.json", {}]
["2025-06-08T08:52:14.800", "DEBUG", "root", "load_file", 452, "Reading file: /var/lib/ubuntu-advantage/private/machine-token.json", {}]
["2025-06-08T08:52:14.801", "DEBUG", "uaclient.files.files", "read", 55, "File does not exist: /var/lib/ubuntu-advantage/private/machine-token.json", {}]
["2025-06-09T04:21:51.001", "DEBUG", "uaclient.config", "parse_config", 644, "Using client configuration file at /etc/ubuntu-advantage/uaclient.conf", {}]
["2025-06-09T04:21:51.002", "DEBUG", "root", "load_file", 452, "Reading file: /etc/ubuntu-advantage/uaclient.conf", {}]
["2025-06-09T04:21:51.004", "DEBUG", "root", "load_file", 452, "Reading file: /var/lib/ubuntu-advantage/user-config.json", {}]
["2025-06-09T04:21:51.004", "DEBUG", "uaclient.files.files", "read", 55, "File does not exist: /var/lib/ubuntu-advantage/user-config.json", {}]
["2025-06-09T04:21:51.004", "DEBUG", "root", "load_file", 452, "Reading file: /etc/os-release", {}]
["2025-06-09T04:21:51.014", "DEBUG", "uaclient.config", "parse_config", 644, "Using client configuration file at /etc/ubuntu-advantage/uaclient.conf", {}]
["2025-06-09T04:21:51.014", "DEBUG", "root", "load_file", 452, "Reading file: /etc/ubuntu-advantage/uaclient.conf", {}]
["2025-06-09T04:21:51.017", "DEBUG", "root", "load_file", 452, "Reading file: /var/lib/ubuntu-advantage/user-config.json", {}]
["2025-06-09T04:21:51.017", "DEBUG", "uaclient.files.files", "read", 55, "File does not exist: /var/lib/ubuntu-advantage/user-config.json", {}]
["2025-06-09T04:21:51.018", "DEBUG", "root", "load_file", 452, "Reading file: /var/lib/ubuntu-advantage/status.json", {}]
["2025-06-09T04:21:51.021", "DEBUG", "root", "load_file", 452, "Reading file: /var/lib/ubuntu-advantage/private/machine-token.json", {}]
["2025-06-09T04:21:51.021", "DEBUG", "uaclient.files.files", "read", 55, "File does not exist: /var/lib/ubuntu-advantage/private/machine-token.json", {}]
["2025-06-09T04:21:51.022", "DEBUG", "root", "load_file", 452, "Reading file: /var/lib/ubuntu-advantage/private/machine-token.json", {}]
["2025-06-09T04:21:51.023", "DEBUG", "uaclient.files.files", "read", 55, "File does not exist: /var/lib/ubuntu-advantage/private/machine-token.json", {}]
["2025-06-09T13:20:04.476", "DEBUG", "uaclient.config", "parse_config", 644, "Using client configuration file at /etc/ubuntu-advantage/uaclient.conf", {}]
["2025-06-09T13:20:04.477", "DEBUG", "root", "load_file", 452, "Reading file: /etc/ubuntu-advantage/uaclient.conf", {}]
["2025-06-09T13:20:04.479", "DEBUG", "root", "load_file", 452, "Reading file: /var/lib/ubuntu-advantage/user-config.json", {}]
["2025-06-09T13:20:04.479", "DEBUG", "uaclient.files.files", "read", 55, "File does not exist: /var/lib/ubuntu-advantage/user-config.json", {}]
["2025-06-09T13:20:04.479", "DEBUG", "root", "load_file", 452, "Reading file: /etc/os-release", {}]
["2025-06-09T13:20:04.490", "DEBUG", "uaclient.config", "parse_config", 644, "Using client configuration file at /etc/ubuntu-advantage/uaclient.conf", {}]
["2025-06-09T13:20:04.490", "DEBUG", "root", "load_file", 452, "Reading file: /etc/ubuntu-advantage/uaclient.conf", {}]
["2025-06-09T13:20:04.493", "DEBUG", "root", "load_file", 452, "Reading file: /var/lib/ubuntu-advantage/user-config.json", {}]
["2025-06-09T13:20:04.493", "DEBUG", "uaclient.files.files", "read", 55, "File does not exist: /var/lib/ubuntu-advantage/user-config.json", {}]
["2025-06-09T13:20:04.494", "DEBUG", "root", "load_file", 452, "Reading file: /var/lib/ubuntu-advantage/status.json", {}]
["2025-06-09T13:20:04.497", "DEBUG", "root", "load_file", 452, "Reading file: /var/lib/ubuntu-advantage/private/machine-token.json", {}]
["2025-06-09T13:20:04.497", "DEBUG", "uaclient.files.files", "read", 55, "File does not exist: /var/lib/ubuntu-advantage/private/machine-token.json", {}]
["2025-06-09T13:20:04.498", "DEBUG", "root", "load_file", 452, "Reading file: /var/lib/ubuntu-advantage/private/machine-token.json", {}]
["2025-06-09T13:20:04.499", "DEBUG", "uaclient.files.files", "read", 55, "File does not exist: /var/lib/ubuntu-advantage/private/machine-token.json", {}]
["2025-06-09T23:52:14.751", "DEBUG", "uaclient.config", "parse_config", 644, "Using client configuration file at /etc/ubuntu-advantage/uaclient.conf", {}]
["2025-06-09T23:52:14.752", "DEBUG", "root", "load_file", 452, "Reading file: /etc/ubuntu-advantage/uaclient.conf", {}]
["2025-06-09T23:52:14.756", "DEBUG", "root", "load_file", 452, "Reading file: /var/lib/ubuntu-advantage/user-config.json", {}]
["2025-06-09T23:52:14.756", "DEBUG", "uaclient.files.files", "read", 55, "File does not exist: /var/lib/ubuntu-advantage/user-config.json", {}]
["2025-06-09T23:52:14.756", "DEBUG", "root", "load_file", 452, "Reading file: /etc/os-release", {}]
["2025-06-09T23:52:14.767", "DEBUG", "uaclient.config", "parse_config", 644, "Using client configuration file at /etc/ubuntu-advantage/uaclient.conf", {}]
["2025-06-09T23:52:14.768", "DEBUG", "root", "load_file", 452, "Reading file: /etc/ubuntu-advantage/uaclient.conf", {}]
["2025-06-09T23:52:14.772", "DEBUG", "root", "load_file", 452, "Reading file: /var/lib/ubuntu-advantage/user-config.json", {}]
["2025-06-09T23:52:14.772", "DEBUG", "uaclient.files.files", "read", 55, "File does not exist: /var/lib/ubuntu-advantage/user-config.json", {}]
["2025-06-09T23:52:14.775", "DEBUG", "root", "load_file", 452, "Reading file: /var/lib/ubuntu-advantage/status.json", {}]
["2025-06-09T23:52:14.777", "DEBUG", "root", "load_file", 452, "Reading file: /var/lib/ubuntu-advantage/private/machine-token.json", {}]
["2025-06-09T23:52:14.777", "DEBUG", "uaclient.files.files", "read", 55, "File does not exist: /var/lib/ubuntu-advantage/private/machine-token.json", {}]
["2025-06-09T23:52:14.779", "DEBUG", "root", "load_file", 452, "Reading file: /var/lib/ubuntu-advantage/private/machine-token.json", {}]
["2025-06-09T23:52:14.779", "DEBUG", "uaclient.files.files", "read", 55, "File does not exist: /var/lib/ubuntu-advantage/private/machine-token.json", {}]
["2025-06-10T09:47:20.793", "DEBUG", "uaclient.config", "parse_config", 644, "Using client configuration file at /etc/ubuntu-advantage/uaclient.conf", {}]
["2025-06-10T09:47:20.794", "DEBUG", "root", "load_file", 452, "Reading file: /etc/ubuntu-advantage/uaclient.conf", {}]
["2025-06-10T09:47:20.796", "DEBUG", "root", "load_file", 452, "Reading file: /var/lib/ubuntu-advantage/user-config.json", {}]
["2025-06-10T09:47:20.796", "DEBUG", "uaclient.files.files", "read", 55, "File does not exist: /var/lib/ubuntu-advantage/user-config.json", {}]
["2025-06-10T09:47:20.796", "DEBUG", "root", "load_file", 452, "Reading file: /etc/os-release", {}]
["2025-06-10T09:47:20.806", "DEBUG", "uaclient.config", "parse_config", 644, "Using client configuration file at /etc/ubuntu-advantage/uaclient.conf", {}]
["2025-06-10T09:47:20.806", "DEBUG", "root", "load_file", 452, "Reading file: /etc/ubuntu-advantage/uaclient.conf", {}]
["2025-06-10T09:47:20.808", "DEBUG", "root", "load_file", 452, "Reading file: /var/lib/ubuntu-advantage/user-config.json", {}]
["2025-06-10T09:47:20.808", "DEBUG", "uaclient.files.files", "read", 55, "File does not exist: /var/lib/ubuntu-advantage/user-config.json", {}]
["2025-06-10T09:47:20.809", "DEBUG", "root", "load_file", 452, "Reading file: /var/lib/ubuntu-advantage/status.json", {}]
["2025-06-10T09:47:20.812", "DEBUG", "root", "load_file", 452, "Reading file: /var/lib/ubuntu-advantage/private/machine-token.json", {}]
["2025-06-10T09:47:20.812", "DEBUG", "uaclient.files.files", "read", 55, "File does not exist: /var/lib/ubuntu-advantage/private/machine-token.json", {}]
["2025-06-10T09:47:20.813", "DEBUG", "root", "load_file", 452, "Reading file: /var/lib/ubuntu-advantage/private/machine-token.json", {}]
["2025-06-10T09:47:20.814", "DEBUG", "uaclient.files.files", "read", 55, "File does not exist: /var/lib/ubuntu-advantage/private/machine-token.json", {}]
["2025-06-11T05:19:50.993", "DEBUG", "uaclient.config", "parse_config", 644, "Using client configuration file at /etc/ubuntu-advantage/uaclient.conf", {}]
["2025-06-11T05:19:50.993", "DEBUG", "root", "load_file", 452, "Reading file: /etc/ubuntu-advantage/uaclient.conf", {}]
["2025-06-11T05:19:50.996", "DEBUG", "root", "load_file", 452, "Reading file: /var/lib/ubuntu-advantage/user-config.json", {}]
["2025-06-11T05:19:50.996", "DEBUG", "uaclient.files.files", "read", 55, "File does not exist: /var/lib/ubuntu-advantage/user-config.json", {}]
["2025-06-11T05:19:50.996", "DEBUG", "root", "load_file", 452, "Reading file: /etc/os-release", {}]
["2025-06-11T05:19:51.004", "DEBUG", "uaclient.config", "parse_config", 644, "Using client configuration file at /etc/ubuntu-advantage/uaclient.conf", {}]
["2025-06-11T05:19:51.004", "DEBUG", "root", "load_file", 452, "Reading file: /etc/ubuntu-advantage/uaclient.conf", {}]
["2025-06-11T05:19:51.006", "DEBUG", "root", "load_file", 452, "Reading file: /var/lib/ubuntu-advantage/user-config.json", {}]
["2025-06-11T05:19:51.006", "DEBUG", "uaclient.files.files", "read", 55, "File does not exist: /var/lib/ubuntu-advantage/user-config.json", {}]
["2025-06-11T05:19:51.009", "DEBUG", "root", "load_file", 452, "Reading file: /var/lib/ubuntu-advantage/status.json", {}]
["2025-06-11T05:19:51.012", "DEBUG", "root", "load_file", 452, "Reading file: /var/lib/ubuntu-advantage/private/machine-token.json", {}]
["2025-06-11T05:19:51.012", "DEBUG", "uaclient.files.files", "read", 55, "File does not exist: /var/lib/ubuntu-advantage/private/machine-token.json", {}]
["2025-06-11T05:19:51.014", "DEBUG", "root", "load_file", 452, "Reading file: /var/lib/ubuntu-advantage/private/machine-token.json", {}]
["2025-06-11T05:19:51.014", "DEBUG", "uaclient.files.files", "read", 55, "File does not exist: /var/lib/ubuntu-advantage/private/machine-token.json", {}]
["2025-06-11T13:03:44.981", "DEBUG", "uaclient.config", "parse_config", 644, "Using client configuration file at /etc/ubuntu-advantage/uaclient.conf", {}]
["2025-06-11T13:03:44.982", "DEBUG", "root", "load_file", 452, "Reading file: /etc/ubuntu-advantage/uaclient.conf", {}]
["2025-06-11T13:03:44.984", "DEBUG", "root", "load_file", 452, "Reading file: /var/lib/ubuntu-advantage/user-config.json", {}]
["2025-06-11T13:03:44.984", "DEBUG", "uaclient.files.files", "read", 55, "File does not exist: /var/lib/ubuntu-advantage/user-config.json", {}]
["2025-06-11T13:03:44.984", "DEBUG", "root", "load_file", 452, "Reading file: /etc/os-release", {}]
["2025-06-11T13:03:44.995", "DEBUG", "uaclient.config", "parse_config", 644, "Using client configuration file at /etc/ubuntu-advantage/uaclient.conf", {}]
["2025-06-11T13:03:44.996", "DEBUG", "root", "load_file", 452, "Reading file: /etc/ubuntu-advantage/uaclient.conf", {}]
["2025-06-11T13:03:44.998", "DEBUG", "root", "load_file", 452, "Reading file: /var/lib/ubuntu-advantage/user-config.json", {}]
["2025-06-11T13:03:44.999", "DEBUG", "uaclient.files.files", "read", 55, "File does not exist: /var/lib/ubuntu-advantage/user-config.json", {}]
["2025-06-11T13:03:45.000", "DEBUG", "root", "load_file", 452, "Reading file: /var/lib/ubuntu-advantage/status.json", {}]
["2025-06-11T13:03:45.003", "DEBUG", "root", "load_file", 452, "Reading file: /var/lib/ubuntu-advantage/private/machine-token.json", {}]
["2025-06-11T13:03:45.003", "DEBUG", "uaclient.files.files", "read", 55, "File does not exist: /var/lib/ubuntu-advantage/private/machine-token.json", {}]
["2025-06-11T13:03:45.005", "DEBUG", "root", "load_file", 452, "Reading file: /var/lib/ubuntu-advantage/private/machine-token.json", {}]
["2025-06-11T13:03:45.005", "DEBUG", "uaclient.files.files", "read", 55, "File does not exist: /var/lib/ubuntu-advantage/private/machine-token.json", {}]
["2025-06-12T05:04:44.840", "DEBUG", "uaclient.config", "parse_config", 644, "Using client configuration file at /etc/ubuntu-advantage/uaclient.conf", {}]
["2025-06-12T05:04:44.841", "DEBUG", "root", "load_file", 452, "Reading file: /etc/ubuntu-advantage/uaclient.conf", {}]
["2025-06-12T05:04:44.843", "DEBUG", "root", "load_file", 452, "Reading file: /var/lib/ubuntu-advantage/user-config.json", {}]
["2025-06-12T05:04:44.843", "DEBUG", "uaclient.files.files", "read", 55, "File does not exist: /var/lib/ubuntu-advantage/user-config.json", {}]
["2025-06-12T05:04:44.843", "DEBUG", "root", "load_file", 452, "Reading file: /etc/os-release", {}]
["2025-06-12T05:04:44.852", "DEBUG", "uaclient.config", "parse_config", 644, "Using client configuration file at /etc/ubuntu-advantage/uaclient.conf", {}]
["2025-06-12T05:04:44.853", "DEBUG", "root", "load_file", 452, "Reading file: /etc/ubuntu-advantage/uaclient.conf", {}]
["2025-06-12T05:04:44.855", "DEBUG", "root", "load_file", 452, "Reading file: /var/lib/ubuntu-advantage/user-config.json", {}]
["2025-06-12T05:04:44.855", "DEBUG", "uaclient.files.files", "read", 55, "File does not exist: /var/lib/ubuntu-advantage/user-config.json", {}]
["2025-06-12T05:04:44.856", "DEBUG", "root", "load_file", 452, "Reading file: /var/lib/ubuntu-advantage/status.json", {}]
["2025-06-12T05:04:44.859", "DEBUG", "root", "load_file", 452, "Reading file: /var/lib/ubuntu-advantage/private/machine-token.json", {}]
["2025-06-12T05:04:44.859", "DEBUG", "uaclient.files.files", "read", 55, "File does not exist: /var/lib/ubuntu-advantage/private/machine-token.json", {}]
["2025-06-12T05:04:44.861", "DEBUG", "root", "load_file", 452, "Reading file: /var/lib/ubuntu-advantage/private/machine-token.json", {}]
["2025-06-12T05:04:44.861", "DEBUG", "uaclient.files.files", "read", 55, "File does not exist: /var/lib/ubuntu-advantage/private/machine-token.json", {}]
["2025-06-12T06:09:04.807", "DEBUG", "uaclient.config", "parse_config", 644, "Using client configuration file at /etc/ubuntu-advantage/uaclient.conf", {}]
["2025-06-12T06:09:04.808", "DEBUG", "root", "load_file", 452, "Reading file: /etc/ubuntu-advantage/uaclient.conf", {}]
["2025-06-12T06:09:04.810", "DEBUG", "root", "load_file", 452, "Reading file: /var/lib/ubuntu-advantage/user-config.json", {}]
["2025-06-12T06:09:04.810", "DEBUG", "uaclient.files.files", "read", 55, "File does not exist: /var/lib/ubuntu-advantage/user-config.json", {}]
["2025-06-12T06:09:04.810", "DEBUG", "root", "load_file", 452, "Reading file: /etc/os-release", {}]
["2025-06-12T06:09:04.819", "DEBUG", "uaclient.config", "parse_config", 644, "Using client configuration file at /etc/ubuntu-advantage/uaclient.conf", {}]
["2025-06-12T06:09:04.819", "DEBUG", "root", "load_file", 452, "Reading file: /etc/ubuntu-advantage/uaclient.conf", {}]
["2025-06-12T06:09:04.822", "DEBUG", "root", "load_file", 452, "Reading file: /var/lib/ubuntu-advantage/user-config.json", {}]
["2025-06-12T06:09:04.822", "DEBUG", "uaclient.files.files", "read", 55, "File does not exist: /var/lib/ubuntu-advantage/user-config.json", {}]
["2025-06-12T06:09:04.823", "DEBUG", "root", "load_file", 452, "Reading file: /var/lib/ubuntu-advantage/status.json", {}]
["2025-06-12T06:09:04.826", "DEBUG", "root", "load_file", 452, "Reading file: /var/lib/ubuntu-advantage/private/machine-token.json", {}]
["2025-06-12T06:09:04.826", "DEBUG", "uaclient.files.files", "read", 55, "File does not exist: /var/lib/ubuntu-advantage/private/machine-token.json", {}]
["2025-06-12T06:09:04.828", "DEBUG", "root", "load_file", 452, "Reading file: /var/lib/ubuntu-advantage/private/machine-token.json", {}]
["2025-06-12T06:09:04.828", "DEBUG", "uaclient.files.files", "read", 55, "File does not exist: /var/lib/ubuntu-advantage/private/machine-token.json", {}]
["2025-06-13T04:20:44.837", "DEBUG", "uaclient.config", "parse_config", 644, "Using client configuration file at /etc/ubuntu-advantage/uaclient.conf", {}]
["2025-06-13T04:20:44.838", "DEBUG", "root", "load_file", 452, "Reading file: /etc/ubuntu-advantage/uaclient.conf", {}]
["2025-06-13T04:20:44.840", "DEBUG", "root", "load_file", 452, "Reading file: /var/lib/ubuntu-advantage/user-config.json", {}]
["2025-06-13T04:20:44.840", "DEBUG", "uaclient.files.files", "read", 55, "File does not exist: /var/lib/ubuntu-advantage/user-config.json", {}]
["2025-06-13T04:20:44.840", "DEBUG", "root", "load_file", 452, "Reading file: /etc/os-release", {}]
["2025-06-13T04:20:44.849", "DEBUG", "uaclient.config", "parse_config", 644, "Using client configuration file at /etc/ubuntu-advantage/uaclient.conf", {}]
["2025-06-13T04:20:44.849", "DEBUG", "root", "load_file", 452, "Reading file: /etc/ubuntu-advantage/uaclient.conf", {}]
["2025-06-13T04:20:44.852", "DEBUG", "root", "load_file", 452, "Reading file: /var/lib/ubuntu-advantage/user-config.json", {}]
["2025-06-13T04:20:44.852", "DEBUG", "uaclient.files.files", "read", 55, "File does not exist: /var/lib/ubuntu-advantage/user-config.json", {}]
["2025-06-13T04:20:44.853", "DEBUG", "root", "load_file", 452, "Reading file: /var/lib/ubuntu-advantage/status.json", {}]
["2025-06-13T04:20:44.856", "DEBUG", "root", "load_file", 452, "Reading file: /var/lib/ubuntu-advantage/private/machine-token.json", {}]
["2025-06-13T04:20:44.856", "DEBUG", "uaclient.files.files", "read", 55, "File does not exist: /var/lib/ubuntu-advantage/private/machine-token.json", {}]
["2025-06-13T04:20:44.857", "DEBUG", "root", "load_file", 452, "Reading file: /var/lib/ubuntu-advantage/private/machine-token.json", {}]
["2025-06-13T04:20:44.858", "DEBUG", "uaclient.files.files", "read", 55, "File does not exist: /var/lib/ubuntu-advantage/private/machine-token.json", {}]
["2025-06-13T17:58:44.863", "DEBUG", "uaclient.config", "parse_config", 644, "Using client configuration file at /etc/ubuntu-advantage/uaclient.conf", {}]
["2025-06-13T17:58:44.864", "DEBUG", "root", "load_file", 452, "Reading file: /etc/ubuntu-advantage/uaclient.conf", {}]
["2025-06-13T17:58:44.866", "DEBUG", "root", "load_file", 452, "Reading file: /var/lib/ubuntu-advantage/user-config.json", {}]
["2025-06-13T17:58:44.866", "DEBUG", "uaclient.files.files", "read", 55, "File does not exist: /var/lib/ubuntu-advantage/user-config.json", {}]
["2025-06-13T17:58:44.866", "DEBUG", "root", "load_file", 452, "Reading file: /etc/os-release", {}]
["2025-06-13T17:58:44.876", "DEBUG", "uaclient.config", "parse_config", 644, "Using client configuration file at /etc/ubuntu-advantage/uaclient.conf", {}]
["2025-06-13T17:58:44.876", "DEBUG", "root", "load_file", 452, "Reading file: /etc/ubuntu-advantage/uaclient.conf", {}]
["2025-06-13T17:58:44.879", "DEBUG", "root", "load_file", 452, "Reading file: /var/lib/ubuntu-advantage/user-config.json", {}]
["2025-06-13T17:58:44.879", "DEBUG", "uaclient.files.files", "read", 55, "File does not exist: /var/lib/ubuntu-advantage/user-config.json", {}]
["2025-06-13T17:58:44.879", "DEBUG", "root", "load_file", 452, "Reading file: /var/lib/ubuntu-advantage/status.json", {}]
["2025-06-13T17:58:44.882", "DEBUG", "root", "load_file", 452, "Reading file: /var/lib/ubuntu-advantage/private/machine-token.json", {}]
["2025-06-13T17:58:44.882", "DEBUG", "uaclient.files.files", "read", 55, "File does not exist: /var/lib/ubuntu-advantage/private/machine-token.json", {}]
["2025-06-13T17:58:44.884", "DEBUG", "root", "load_file", 452, "Reading file: /var/lib/ubuntu-advantage/private/machine-token.json", {}]
["2025-06-13T17:58:44.884", "DEBUG", "uaclient.files.files", "read", 55, "File does not exist: /var/lib/ubuntu-advantage/private/machine-token.json", {}]
["2025-06-14T03:25:26.177", "DEBUG", "uaclient.config", "parse_config", 644, "Using client configuration file at /etc/ubuntu-advantage/uaclient.conf", {}]
["2025-06-14T03:25:26.178", "DEBUG", "root", "load_file", 452, "Reading file: /etc/ubuntu-advantage/uaclient.conf", {}]
["2025-06-14T03:25:26.180", "DEBUG", "root", "load_file", 452, "Reading file: /var/lib/ubuntu-advantage/user-config.json", {}]
["2025-06-14T03:25:26.180", "DEBUG", "uaclient.files.files", "read", 55, "File does not exist: /var/lib/ubuntu-advantage/user-config.json", {}]
["2025-06-14T03:25:26.181", "DEBUG", "root", "load_file", 452, "Reading file: /etc/os-release", {}]
["2025-06-14T03:25:26.195", "DEBUG", "uaclient.config", "parse_config", 644, "Using client configuration file at /etc/ubuntu-advantage/uaclient.conf", {}]
["2025-06-14T03:25:26.195", "DEBUG", "root", "load_file", 452, "Reading file: /var/lib/ubuntu-advantage/status.json", {}]
["2025-06-14T03:25:26.195", "DEBUG", "root", "load_file", 452, "Reading file: /etc/ubuntu-advantage/uaclient.conf", {}]
["2025-06-14T03:25:26.198", "DEBUG", "root", "load_file", 452, "Reading file: /var/lib/ubuntu-advantage/user-config.json", {}]
["2025-06-14T03:25:26.198", "DEBUG", "uaclient.files.files", "read", 55, "File does not exist: /var/lib/ubuntu-advantage/user-config.json", {}]
["2025-06-14T03:25:26.198", "DEBUG", "root", "load_file", 452, "Reading file: /var/lib/ubuntu-advantage/private/machine-token.json", {}]
["2025-06-14T03:25:26.198", "DEBUG", "uaclient.files.files", "read", 55, "File does not exist: /var/lib/ubuntu-advantage/private/machine-token.json", {}]
["2025-06-14T03:25:26.200", "DEBUG", "root", "load_file", 452, "Reading file: /var/lib/ubuntu-advantage/private/machine-token.json", {}]
["2025-06-14T03:25:26.200", "DEBUG", "uaclient.files.files", "read", 55, "File does not exist: /var/lib/ubuntu-advantage/private/machine-token.json", {}]
["2025-06-14T07:12:13.729", "DEBUG", "uaclient.config", "parse_config", 644, "Using client configuration file at /etc/ubuntu-advantage/uaclient.conf", {}]
["2025-06-14T07:12:13.729", "DEBUG", "root", "load_file", 452, "Reading file: /etc/ubuntu-advantage/uaclient.conf", {}]
["2025-06-14T07:12:13.732", "DEBUG", "root", "load_file", 452, "Reading file: /var/lib/ubuntu-advantage/user-config.json", {}]
["2025-06-14T07:12:13.732", "DEBUG", "uaclient.files.files", "read", 55, "File does not exist: /var/lib/ubuntu-advantage/user-config.json", {}]
["2025-06-14T07:12:13.732", "DEBUG", "root", "load_file", 452, "Reading file: /etc/os-release", {}]
["2025-06-14T07:12:13.746", "DEBUG", "root", "load_file", 452, "Reading file: /var/lib/ubuntu-advantage/status.json", {}]
["2025-06-14T07:12:13.748", "DEBUG", "uaclient.config", "parse_config", 644, "Using client configuration file at /etc/ubuntu-advantage/uaclient.conf", {}]
["2025-06-14T07:12:13.749", "DEBUG", "root", "load_file", 452, "Reading file: /var/lib/ubuntu-advantage/private/machine-token.json", {}]
["2025-06-14T07:12:13.749", "DEBUG", "uaclient.files.files", "read", 55, "File does not exist: /var/lib/ubuntu-advantage/private/machine-token.json", {}]
["2025-06-14T07:12:13.748", "DEBUG", "root", "load_file", 452, "Reading file: /etc/ubuntu-advantage/uaclient.conf", {}]
["2025-06-14T07:12:13.751", "DEBUG", "root", "load_file", 452, "Reading file: /var/lib/ubuntu-advantage/user-config.json", {}]
["2025-06-14T07:12:13.751", "DEBUG", "root", "load_file", 452, "Reading file: /var/lib/ubuntu-advantage/private/machine-token.json", {}]
["2025-06-14T07:12:13.751", "DEBUG", "uaclient.files.files", "read", 55, "File does not exist: /var/lib/ubuntu-advantage/user-config.json", {}]
["2025-06-14T07:12:13.751", "DEBUG", "uaclient.files.files", "read", 55, "File does not exist: /var/lib/ubuntu-advantage/private/machine-token.json", {}]
["2025-06-23T09:02:45.178", "DEBUG", "uaclient.config", "parse_config", 644, "Using client configuration file at /etc/ubuntu-advantage/uaclient.conf", {}]
["2025-06-23T09:02:45.179", "DEBUG", "root", "load_file", 452, "Reading file: /etc/ubuntu-advantage/uaclient.conf", {}]
["2025-06-23T09:02:45.181", "DEBUG", "root", "load_file", 452, "Reading file: /var/lib/ubuntu-advantage/user-config.json", {}]
["2025-06-23T09:02:45.181", "DEBUG", "uaclient.files.files", "read", 55, "File does not exist: /var/lib/ubuntu-advantage/user-config.json", {}]
["2025-06-23T09:02:45.181", "DEBUG", "root", "load_file", 452, "Reading file: /etc/os-release", {}]
["2025-06-23T09:02:45.194", "DEBUG", "uaclient.config", "parse_config", 644, "Using client configuration file at /etc/ubuntu-advantage/uaclient.conf", {}]
["2025-06-23T09:02:45.194", "DEBUG", "root", "load_file", 452, "Reading file: /var/lib/ubuntu-advantage/status.json", {}]
["2025-06-23T09:02:45.194", "DEBUG", "root", "load_file", 452, "Reading file: /etc/ubuntu-advantage/uaclient.conf", {}]
["2025-06-23T09:02:45.196", "DEBUG", "root", "load_file", 452, "Reading file: /var/lib/ubuntu-advantage/user-config.json", {}]
["2025-06-23T09:02:45.196", "DEBUG", "uaclient.files.files", "read", 55, "File does not exist: /var/lib/ubuntu-advantage/user-config.json", {}]
["2025-06-23T09:02:45.197", "DEBUG", "root", "load_file", 452, "Reading file: /var/lib/ubuntu-advantage/private/machine-token.json", {}]
["2025-06-23T09:02:45.197", "DEBUG", "uaclient.files.files", "read", 55, "File does not exist: /var/lib/ubuntu-advantage/private/machine-token.json", {}]
["2025-06-23T09:02:45.197", "DEBUG", "root", "load_file", 452, "Reading file: /var/lib/ubuntu-advantage/private/machine-token.json", {}]
["2025-06-23T09:02:45.197", "DEBUG", "uaclient.files.files", "read", 55, "File does not exist: /var/lib/ubuntu-advantage/private/machine-token.json", {}]
["2025-06-23T09:02:45.199", "DEBUG", "root", "load_file", 452, "Reading file: /var/lib/ubuntu-advantage/private/machine-token.json", {}]
["2025-06-23T09:02:45.199", "DEBUG", "uaclient.files.files", "read", 55, "File does not exist: /var/lib/ubuntu-advantage/private/machine-token.json", {}]
["2025-06-23T09:03:29.969", "DEBUG", "root", "load_file", 452, "Reading file: /run/ubuntu-advantage//aptnews.json", {}]
["2025-06-23T09:03:29.970", "DEBUG", "root", "fetch_and_process_apt_news", 186, "something went wrong while processing apt_news: FileNotFoundError(2, 'No such file or directory')", {}]
["2025-06-24T08:59:43.899", "DEBUG", "uaclient.config", "parse_config", 644, "Using client configuration file at /etc/ubuntu-advantage/uaclient.conf", {}]
["2025-06-24T08:59:43.900", "DEBUG", "root", "load_file", 452, "Reading file: /etc/ubuntu-advantage/uaclient.conf", {}]
["2025-06-24T08:59:43.904", "DEBUG", "root", "load_file", 452, "Reading file: /var/lib/ubuntu-advantage/user-config.json", {}]
["2025-06-24T08:59:43.904", "DEBUG", "uaclient.files.files", "read", 55, "File does not exist: /var/lib/ubuntu-advantage/user-config.json", {}]
["2025-06-24T08:59:43.904", "DEBUG", "root", "load_file", 452, "Reading file: /etc/os-release", {}]
["2025-06-24T08:59:43.915", "DEBUG", "uaclient.config", "parse_config", 644, "Using client configuration file at /etc/ubuntu-advantage/uaclient.conf", {}]
["2025-06-24T08:59:43.916", "DEBUG", "root", "load_file", 452, "Reading file: /etc/ubuntu-advantage/uaclient.conf", {}]
["2025-06-24T08:59:43.918", "DEBUG", "root", "load_file", 452, "Reading file: /var/lib/ubuntu-advantage/user-config.json", {}]
["2025-06-24T08:59:43.918", "DEBUG", "uaclient.files.files", "read", 55, "File does not exist: /var/lib/ubuntu-advantage/user-config.json", {}]
["2025-06-24T08:59:43.919", "DEBUG", "root", "load_file", 452, "Reading file: /var/lib/ubuntu-advantage/status.json", {}]
["2025-06-24T08:59:43.922", "DEBUG", "root", "load_file", 452, "Reading file: /var/lib/ubuntu-advantage/private/machine-token.json", {}]
["2025-06-24T08:59:43.922", "DEBUG", "uaclient.files.files", "read", 55, "File does not exist: /var/lib/ubuntu-advantage/private/machine-token.json", {}]
["2025-06-24T08:59:43.924", "DEBUG", "root", "load_file", 452, "Reading file: /var/lib/ubuntu-advantage/private/machine-token.json", {}]
["2025-06-24T08:59:43.924", "DEBUG", "uaclient.files.files", "read", 55, "File does not exist: /var/lib/ubuntu-advantage/private/machine-token.json", {}]
["2025-06-24T08:59:44.052", "WARNING", "root", "update_esm_caches", 759, "Failed to fetch the ESM Apt Cache", {}]
["2025-06-24T10:05:37.962", "DEBUG", "uaclient.config", "parse_config", 644, "Using client configuration file at /etc/ubuntu-advantage/uaclient.conf", {}]
["2025-06-24T10:05:37.963", "DEBUG", "root", "load_file", 452, "Reading file: /etc/ubuntu-advantage/uaclient.conf", {}]
["2025-06-24T10:05:37.965", "DEBUG", "root", "load_file", 452, "Reading file: /var/lib/ubuntu-advantage/user-config.json", {}]
["2025-06-24T10:05:37.965", "DEBUG", "uaclient.files.files", "read", 55, "File does not exist: /var/lib/ubuntu-advantage/user-config.json", {}]
["2025-06-24T10:05:37.965", "DEBUG", "root", "load_file", 452, "Reading file: /etc/os-release", {}]
["2025-06-24T10:05:37.972", "DEBUG", "uaclient.config", "parse_config", 644, "Using client configuration file at /etc/ubuntu-advantage/uaclient.conf", {}]
["2025-06-24T10:05:37.972", "DEBUG", "root", "load_file", 452, "Reading file: /etc/ubuntu-advantage/uaclient.conf", {}]
["2025-06-24T10:05:37.975", "DEBUG", "root", "load_file", 452, "Reading file: /var/lib/ubuntu-advantage/user-config.json", {}]
["2025-06-24T10:05:37.975", "DEBUG", "uaclient.files.files", "read", 55, "File does not exist: /var/lib/ubuntu-advantage/user-config.json", {}]
["2025-06-24T10:05:37.975", "DEBUG", "root", "load_file", 452, "Reading file: /var/lib/ubuntu-advantage/private/machine-token.json", {}]
["2025-06-24T10:05:37.975", "DEBUG", "uaclient.files.files", "read", 55, "File does not exist: /var/lib/ubuntu-advantage/private/machine-token.json", {}]
["2025-06-24T10:05:37.978", "DEBUG", "root", "load_file", 452, "Reading file: /var/lib/ubuntu-advantage/status.json", {}]
["2025-06-24T10:05:37.981", "DEBUG", "root", "load_file", 452, "Reading file: /var/lib/ubuntu-advantage/private/machine-token.json", {}]
["2025-06-24T10:05:37.981", "DEBUG", "uaclient.files.files", "read", 55, "File does not exist: /var/lib/ubuntu-advantage/private/machine-token.json", {}]
["2025-06-24T10:05:37.982", "DEBUG", "root", "load_file", 452, "Reading file: /var/lib/ubuntu-advantage/private/machine-token.json", {}]
["2025-06-24T10:05:37.982", "DEBUG", "uaclient.files.files", "read", 55, "File does not exist: /var/lib/ubuntu-advantage/private/machine-token.json", {}]
["2025-06-24T10:05:39.070", "DEBUG", "root", "load_file", 452, "Reading file: /run/ubuntu-advantage//aptnews.json", {}]
["2025-06-24T10:05:39.074", "DEBUG", "root", "select_message", 152, "msg dates don't apply: AptNewsMessage{'begin': datetime.datetime(2025, 3, 25, 0, 0, tzinfo=datetime.timezone.utc), 'end': None, 'selectors': {'codenames': ['xenial'], 'clouds': None, 'pro': None}, 'lines': ['Patch available for a potential RCE vulnerability ', 'in FreeType, tracked by CVE-2025-27363.', 'For more see: https://ubuntu.com/security/CVE-2025-27363']}", {}]
["2025-06-24T10:05:39.074", "DEBUG", "root", "select_message", 152, "msg dates don't apply: AptNewsMessage{'begin': datetime.datetime(2025, 3, 25, 0, 0, tzinfo=datetime.timezone.utc), 'end': None, 'selectors': {'codenames': ['bionic'], 'clouds': None, 'pro': None}, 'lines': ['Patch available for a potential RCE vulnerability ', 'in FreeType, tracked by CVE-2025-27363.', 'For more see: https://ubuntu.com/security/CVE-2025-27363']}", {}]
["2025-06-24T10:05:39.075", "DEBUG", "root", "select_message", 152, "msg dates don't apply: AptNewsMessage{'begin': datetime.datetime(2025, 3, 25, 0, 0, tzinfo=datetime.timezone.utc), 'end': None, 'selectors': {'codenames': ['focal'], 'clouds': None, 'pro': None}, 'lines': ['Patch available for a potential RCE vulnerability ', 'in FreeType, tracked by CVE-2025-27363.', 'For more see: https://ubuntu.com/security/CVE-2025-27363']}", {}]
["2025-06-24T10:05:39.075", "DEBUG", "root", "select_message", 152, "msg dates don't apply: AptNewsMessage{'begin': datetime.datetime(2025, 3, 25, 0, 0, tzinfo=datetime.timezone.utc), 'end': None, 'selectors': {'codenames': ['jammy'], 'clouds': None, 'pro': None}, 'lines': ['Patch available for a potential RCE vulnerability ', 'in FreeType, tracked by CVE-2025-27363.', 'For more see: https://ubuntu.com/security/CVE-2025-27363']}", {}]
["2025-06-24T10:05:39.075", "DEBUG", "root", "fetch_and_process_apt_news", 179, "using msg: None", {}]
["2025-06-25T09:01:14.958", "DEBUG", "uaclient.config", "parse_config", 644, "Using client configuration file at /etc/ubuntu-advantage/uaclient.conf", {}]
["2025-06-25T09:01:14.959", "DEBUG", "root", "load_file", 452, "Reading file: /etc/ubuntu-advantage/uaclient.conf", {}]
["2025-06-25T09:01:14.963", "DEBUG", "root", "load_file", 452, "Reading file: /var/lib/ubuntu-advantage/user-config.json", {}]
["2025-06-25T09:01:14.963", "DEBUG", "uaclient.files.files", "read", 55, "File does not exist: /var/lib/ubuntu-advantage/user-config.json", {}]
["2025-06-25T09:01:14.963", "DEBUG", "root", "load_file", 452, "Reading file: /etc/os-release", {}]
["2025-06-25T09:01:14.968", "DEBUG", "uaclient.config", "parse_config", 644, "Using client configuration file at /etc/ubuntu-advantage/uaclient.conf", {}]
["2025-06-25T09:01:14.968", "DEBUG", "root", "load_file", 452, "Reading file: /etc/ubuntu-advantage/uaclient.conf", {}]
["2025-06-25T09:01:14.971", "DEBUG", "root", "load_file", 452, "Reading file: /var/lib/ubuntu-advantage/user-config.json", {}]
["2025-06-25T09:01:14.971", "DEBUG", "uaclient.files.files", "read", 55, "File does not exist: /var/lib/ubuntu-advantage/user-config.json", {}]
["2025-06-25T09:01:14.978", "DEBUG", "root", "load_file", 452, "Reading file: /var/lib/ubuntu-advantage/status.json", {}]
["2025-06-25T09:01:14.982", "DEBUG", "root", "load_file", 452, "Reading file: /var/lib/ubuntu-advantage/private/machine-token.json", {}]
["2025-06-25T09:01:14.982", "DEBUG", "uaclient.files.files", "read", 55, "File does not exist: /var/lib/ubuntu-advantage/private/machine-token.json", {}]
["2025-06-25T09:01:14.984", "DEBUG", "root", "load_file", 452, "Reading file: /var/lib/ubuntu-advantage/private/machine-token.json", {}]
["2025-06-25T09:01:14.984", "DEBUG", "uaclient.files.files", "read", 55, "File does not exist: /var/lib/ubuntu-advantage/private/machine-token.json", {}]
["2025-06-25T09:01:15.098", "WARNING", "root", "update_esm_caches", 759, "Failed to fetch the ESM Apt Cache", {}]
["2025-06-26T09:04:44.861", "DEBUG", "uaclient.config", "parse_config", 644, "Using client configuration file at /etc/ubuntu-advantage/uaclient.conf", {}]
["2025-06-26T09:04:44.862", "DEBUG", "root", "load_file", 452, "Reading file: /etc/ubuntu-advantage/uaclient.conf", {}]
["2025-06-26T09:04:44.864", "DEBUG", "root", "load_file", 452, "Reading file: /var/lib/ubuntu-advantage/user-config.json", {}]
["2025-06-26T09:04:44.865", "DEBUG", "uaclient.files.files", "read", 55, "File does not exist: /var/lib/ubuntu-advantage/user-config.json", {}]
["2025-06-26T09:04:44.865", "DEBUG", "root", "load_file", 452, "Reading file: /etc/os-release", {}]
["2025-06-26T09:04:44.877", "DEBUG", "uaclient.config", "parse_config", 644, "Using client configuration file at /etc/ubuntu-advantage/uaclient.conf", {}]
["2025-06-26T09:04:44.878", "DEBUG", "root", "load_file", 452, "Reading file: /var/lib/ubuntu-advantage/status.json", {}]
["2025-06-26T09:04:44.877", "DEBUG", "root", "load_file", 452, "Reading file: /etc/ubuntu-advantage/uaclient.conf", {}]
["2025-06-26T09:04:44.880", "DEBUG", "root", "load_file", 452, "Reading file: /var/lib/ubuntu-advantage/user-config.json", {}]
["2025-06-26T09:04:44.880", "DEBUG", "uaclient.files.files", "read", 55, "File does not exist: /var/lib/ubuntu-advantage/user-config.json", {}]
["2025-06-26T09:04:44.880", "DEBUG", "root", "load_file", 452, "Reading file: /var/lib/ubuntu-advantage/private/machine-token.json", {}]
["2025-06-26T09:04:44.880", "DEBUG", "uaclient.files.files", "read", 55, "File does not exist: /var/lib/ubuntu-advantage/private/machine-token.json", {}]
["2025-06-26T09:04:44.881", "DEBUG", "root", "load_file", 452, "Reading file: /var/lib/ubuntu-advantage/private/machine-token.json", {}]
["2025-06-26T09:04:44.881", "DEBUG", "uaclient.files.files", "read", 55, "File does not exist: /var/lib/ubuntu-advantage/private/machine-token.json", {}]
["2025-06-26T09:04:44.883", "DEBUG", "root", "load_file", 452, "Reading file: /var/lib/ubuntu-advantage/private/machine-token.json", {}]
["2025-06-26T09:04:44.883", "DEBUG", "uaclient.files.files", "read", 55, "File does not exist: /var/lib/ubuntu-advantage/private/machine-token.json", {}]
["2025-06-26T09:04:59.997", "DEBUG", "root", "load_file", 452, "Reading file: /run/ubuntu-advantage//aptnews.json", {}]
["2025-06-26T09:05:00.000", "DEBUG", "root", "select_message", 152, "msg dates don't apply: AptNewsMessage{'begin': datetime.datetime(2025, 3, 25, 0, 0, tzinfo=datetime.timezone.utc), 'end': None, 'selectors': {'codenames': ['xenial'], 'clouds': None, 'pro': None}, 'lines': ['Patch available for a potential RCE vulnerability ', 'in FreeType, tracked by CVE-2025-27363.', 'For more see: https://ubuntu.com/security/CVE-2025-27363']}", {}]
["2025-06-26T09:05:00.000", "DEBUG", "root", "select_message", 152, "msg dates don't apply: AptNewsMessage{'begin': datetime.datetime(2025, 3, 25, 0, 0, tzinfo=datetime.timezone.utc), 'end': None, 'selectors': {'codenames': ['bionic'], 'clouds': None, 'pro': None}, 'lines': ['Patch available for a potential RCE vulnerability ', 'in FreeType, tracked by CVE-2025-27363.', 'For more see: https://ubuntu.com/security/CVE-2025-27363']}", {}]
["2025-06-26T09:05:00.001", "DEBUG", "root", "select_message", 152, "msg dates don't apply: AptNewsMessage{'begin': datetime.datetime(2025, 3, 25, 0, 0, tzinfo=datetime.timezone.utc), 'end': None, 'selectors': {'codenames': ['focal'], 'clouds': None, 'pro': None}, 'lines': ['Patch available for a potential RCE vulnerability ', 'in FreeType, tracked by CVE-2025-27363.', 'For more see: https://ubuntu.com/security/CVE-2025-27363']}", {}]
["2025-06-26T09:05:00.001", "DEBUG", "root", "select_message", 152, "msg dates don't apply: AptNewsMessage{'begin': datetime.datetime(2025, 3, 25, 0, 0, tzinfo=datetime.timezone.utc), 'end': None, 'selectors': {'codenames': ['jammy'], 'clouds': None, 'pro': None}, 'lines': ['Patch available for a potential RCE vulnerability ', 'in FreeType, tracked by CVE-2025-27363.', 'For more see: https://ubuntu.com/security/CVE-2025-27363']}", {}]
["2025-06-26T09:05:00.001", "DEBUG", "root", "fetch_and_process_apt_news", 179, "using msg: None", {}]
["2025-06-28T10:10:16.780", "DEBUG", "uaclient.config", "parse_config", 644, "Using client configuration file at /etc/ubuntu-advantage/uaclient.conf", {}]
["2025-06-28T10:10:16.780", "DEBUG", "root", "load_file", 452, "Reading file: /etc/ubuntu-advantage/uaclient.conf", {}]
["2025-06-28T10:10:16.783", "DEBUG", "root", "load_file", 452, "Reading file: /var/lib/ubuntu-advantage/user-config.json", {}]
["2025-06-28T10:10:16.783", "DEBUG", "uaclient.files.files", "read", 55, "File does not exist: /var/lib/ubuntu-advantage/user-config.json", {}]
["2025-06-28T10:10:16.784", "DEBUG", "root", "load_file", 452, "Reading file: /etc/os-release", {}]
["2025-06-28T10:10:16.796", "DEBUG", "uaclient.config", "parse_config", 644, "Using client configuration file at /etc/ubuntu-advantage/uaclient.conf", {}]
["2025-06-28T10:10:16.796", "DEBUG", "root", "load_file", 452, "Reading file: /var/lib/ubuntu-advantage/status.json", {}]
["2025-06-28T10:10:16.796", "DEBUG", "root", "load_file", 452, "Reading file: /etc/ubuntu-advantage/uaclient.conf", {}]
["2025-06-28T10:10:16.799", "DEBUG", "root", "load_file", 452, "Reading file: /var/lib/ubuntu-advantage/user-config.json", {}]
["2025-06-28T10:10:16.799", "DEBUG", "uaclient.files.files", "read", 55, "File does not exist: /var/lib/ubuntu-advantage/user-config.json", {}]
["2025-06-28T10:10:16.799", "DEBUG", "root", "load_file", 452, "Reading file: /var/lib/ubuntu-advantage/private/machine-token.json", {}]
["2025-06-28T10:10:16.799", "DEBUG", "uaclient.files.files", "read", 55, "File does not exist: /var/lib/ubuntu-advantage/private/machine-token.json", {}]
["2025-06-28T10:10:16.799", "DEBUG", "root", "load_file", 452, "Reading file: /var/lib/ubuntu-advantage/private/machine-token.json", {}]
["2025-06-28T10:10:16.799", "DEBUG", "uaclient.files.files", "read", 55, "File does not exist: /var/lib/ubuntu-advantage/private/machine-token.json", {}]
["2025-06-28T10:10:16.801", "DEBUG", "root", "load_file", 452, "Reading file: /var/lib/ubuntu-advantage/private/machine-token.json", {}]
["2025-06-28T10:10:16.801", "DEBUG", "uaclient.files.files", "read", 55, "File does not exist: /var/lib/ubuntu-advantage/private/machine-token.json", {}]
["2025-06-28T10:10:45.316", "DEBUG", "root", "load_file", 452, "Reading file: /run/ubuntu-advantage//aptnews.json", {}]
["2025-06-28T10:10:45.325", "DEBUG", "root", "select_message", 152, "msg dates don't apply: AptNewsMessage{'begin': datetime.datetime(2025, 3, 25, 0, 0, tzinfo=datetime.timezone.utc), 'end': None, 'selectors': {'codenames': ['xenial'], 'clouds': None, 'pro': None}, 'lines': ['Patch available for a potential RCE vulnerability ', 'in FreeType, tracked by CVE-2025-27363.', 'For more see: https://ubuntu.com/security/CVE-2025-27363']}", {}]
["2025-06-28T10:10:45.326", "DEBUG", "root", "select_message", 152, "msg dates don't apply: AptNewsMessage{'begin': datetime.datetime(2025, 3, 25, 0, 0, tzinfo=datetime.timezone.utc), 'end': None, 'selectors': {'codenames': ['bionic'], 'clouds': None, 'pro': None}, 'lines': ['Patch available for a potential RCE vulnerability ', 'in FreeType, tracked by CVE-2025-27363.', 'For more see: https://ubuntu.com/security/CVE-2025-27363']}", {}]
["2025-06-28T10:10:45.327", "DEBUG", "root", "select_message", 152, "msg dates don't apply: AptNewsMessage{'begin': datetime.datetime(2025, 3, 25, 0, 0, tzinfo=datetime.timezone.utc), 'end': None, 'selectors': {'codenames': ['focal'], 'clouds': None, 'pro': None}, 'lines': ['Patch available for a potential RCE vulnerability ', 'in FreeType, tracked by CVE-2025-27363.', 'For more see: https://ubuntu.com/security/CVE-2025-27363']}", {}]
["2025-06-28T10:10:45.328", "DEBUG", "root", "select_message", 152, "msg dates don't apply: AptNewsMessage{'begin': datetime.datetime(2025, 3, 25, 0, 0, tzinfo=datetime.timezone.utc), 'end': None, 'selectors': {'codenames': ['jammy'], 'clouds': None, 'pro': None}, 'lines': ['Patch available for a potential RCE vulnerability ', 'in FreeType, tracked by CVE-2025-27363.', 'For more see: https://ubuntu.com/security/CVE-2025-27363']}", {}]
["2025-06-28T10:10:45.328", "DEBUG", "root", "fetch_and_process_apt_news", 179, "using msg: None", {}]
["2025-06-30T08:56:14.186", "DEBUG", "uaclient.config", "parse_config", 644, "Using client configuration file at /etc/ubuntu-advantage/uaclient.conf", {}]
["2025-06-30T08:56:14.187", "DEBUG", "root", "load_file", 452, "Reading file: /etc/ubuntu-advantage/uaclient.conf", {}]
["2025-06-30T08:56:14.189", "DEBUG", "root", "load_file", 452, "Reading file: /var/lib/ubuntu-advantage/user-config.json", {}]
["2025-06-30T08:56:14.189", "DEBUG", "uaclient.files.files", "read", 55, "File does not exist: /var/lib/ubuntu-advantage/user-config.json", {}]
["2025-06-30T08:56:14.189", "DEBUG", "root", "load_file", 452, "Reading file: /etc/os-release", {}]
["2025-06-30T08:56:14.203", "DEBUG", "root", "load_file", 452, "Reading file: /var/lib/ubuntu-advantage/status.json", {}]
["2025-06-30T08:56:14.204", "DEBUG", "uaclient.config", "parse_config", 644, "Using client configuration file at /etc/ubuntu-advantage/uaclient.conf", {}]
["2025-06-30T08:56:14.205", "DEBUG", "root", "load_file", 452, "Reading file: /var/lib/ubuntu-advantage/private/machine-token.json", {}]
["2025-06-30T08:56:14.205", "DEBUG", "uaclient.files.files", "read", 55, "File does not exist: /var/lib/ubuntu-advantage/private/machine-token.json", {}]
["2025-06-30T08:56:14.204", "DEBUG", "root", "load_file", 452, "Reading file: /etc/ubuntu-advantage/uaclient.conf", {}]
["2025-06-30T08:56:14.206", "DEBUG", "root", "load_file", 452, "Reading file: /var/lib/ubuntu-advantage/user-config.json", {}]
["2025-06-30T08:56:14.206", "DEBUG", "uaclient.files.files", "read", 55, "File does not exist: /var/lib/ubuntu-advantage/user-config.json", {}]
["2025-06-30T08:56:14.206", "DEBUG", "root", "load_file", 452, "Reading file: /var/lib/ubuntu-advantage/private/machine-token.json", {}]
["2025-06-30T08:56:14.207", "DEBUG", "uaclient.files.files", "read", 55, "File does not exist: /var/lib/ubuntu-advantage/private/machine-token.json", {}]
["2025-06-30T08:56:14.207", "DEBUG", "root", "load_file", 452, "Reading file: /var/lib/ubuntu-advantage/private/machine-token.json", {}]
["2025-06-30T08:56:14.207", "DEBUG", "uaclient.files.files", "read", 55, "File does not exist: /var/lib/ubuntu-advantage/private/machine-token.json", {}]
["2025-06-30T08:56:28.957", "DEBUG", "root", "load_file", 452, "Reading file: /run/ubuntu-advantage//aptnews.json", {}]
["2025-06-30T08:56:28.963", "DEBUG", "root", "select_message", 152, "msg dates don't apply: AptNewsMessage{'begin': datetime.datetime(2025, 3, 25, 0, 0, tzinfo=datetime.timezone.utc), 'end': None, 'selectors': {'codenames': ['xenial'], 'clouds': None, 'pro': None}, 'lines': ['Patch available for a potential RCE vulnerability ', 'in FreeType, tracked by CVE-2025-27363.', 'For more see: https://ubuntu.com/security/CVE-2025-27363']}", {}]
["2025-06-30T08:56:28.964", "DEBUG", "root", "select_message", 152, "msg dates don't apply: AptNewsMessage{'begin': datetime.datetime(2025, 3, 25, 0, 0, tzinfo=datetime.timezone.utc), 'end': None, 'selectors': {'codenames': ['bionic'], 'clouds': None, 'pro': None}, 'lines': ['Patch available for a potential RCE vulnerability ', 'in FreeType, tracked by CVE-2025-27363.', 'For more see: https://ubuntu.com/security/CVE-2025-27363']}", {}]
["2025-06-30T08:56:28.965", "DEBUG", "root", "select_message", 152, "msg dates don't apply: AptNewsMessage{'begin': datetime.datetime(2025, 3, 25, 0, 0, tzinfo=datetime.timezone.utc), 'end': None, 'selectors': {'codenames': ['focal'], 'clouds': None, 'pro': None}, 'lines': ['Patch available for a potential RCE vulnerability ', 'in FreeType, tracked by CVE-2025-27363.', 'For more see: https://ubuntu.com/security/CVE-2025-27363']}", {}]
["2025-06-30T08:56:28.965", "DEBUG", "root", "select_message", 152, "msg dates don't apply: AptNewsMessage{'begin': datetime.datetime(2025, 3, 25, 0, 0, tzinfo=datetime.timezone.utc), 'end': None, 'selectors': {'codenames': ['jammy'], 'clouds': None, 'pro': None}, 'lines': ['Patch available for a potential RCE vulnerability ', 'in FreeType, tracked by CVE-2025-27363.', 'For more see: https://ubuntu.com/security/CVE-2025-27363']}", {}]
["2025-06-30T08:56:28.965", "DEBUG", "root", "fetch_and_process_apt_news", 179, "using msg: None", {}]
["2025-06-30T10:31:33.173", "DEBUG", "uaclient.config", "parse_config", 644, "Using client configuration file at /etc/ubuntu-advantage/uaclient.conf", {}]
["2025-06-30T10:31:33.174", "DEBUG", "root", "load_file", 452, "Reading file: /etc/ubuntu-advantage/uaclient.conf", {}]
["2025-06-30T10:31:33.176", "DEBUG", "root", "load_file", 452, "Reading file: /var/lib/ubuntu-advantage/user-config.json", {}]
["2025-06-30T10:31:33.176", "DEBUG", "uaclient.files.files", "read", 55, "File does not exist: /var/lib/ubuntu-advantage/user-config.json", {}]
["2025-06-30T10:31:33.176", "DEBUG", "root", "load_file", 452, "Reading file: /etc/os-release", {}]
["2025-06-30T10:31:33.185", "DEBUG", "uaclient.config", "parse_config", 644, "Using client configuration file at /etc/ubuntu-advantage/uaclient.conf", {}]
["2025-06-30T10:31:33.185", "DEBUG", "root", "load_file", 452, "Reading file: /etc/ubuntu-advantage/uaclient.conf", {}]
["2025-06-30T10:31:33.188", "DEBUG", "root", "load_file", 452, "Reading file: /var/lib/ubuntu-advantage/user-config.json", {}]
["2025-06-30T10:31:33.188", "DEBUG", "uaclient.files.files", "read", 55, "File does not exist: /var/lib/ubuntu-advantage/user-config.json", {}]
["2025-06-30T10:31:33.189", "DEBUG", "root", "load_file", 452, "Reading file: /var/lib/ubuntu-advantage/status.json", {}]
["2025-06-30T10:31:33.192", "DEBUG", "root", "load_file", 452, "Reading file: /var/lib/ubuntu-advantage/private/machine-token.json", {}]
["2025-06-30T10:31:33.192", "DEBUG", "uaclient.files.files", "read", 55, "File does not exist: /var/lib/ubuntu-advantage/private/machine-token.json", {}]
["2025-06-30T10:31:33.193", "DEBUG", "root", "load_file", 452, "Reading file: /var/lib/ubuntu-advantage/private/machine-token.json", {}]
["2025-06-30T10:31:33.193", "DEBUG", "uaclient.files.files", "read", 55, "File does not exist: /var/lib/ubuntu-advantage/private/machine-token.json", {}]
